2018-04-09 13:35:25,760 INFO  [sqlalchemy.engine.base.Engine:1151][MainThread] SHOW VARIABLES LIKE 'sql_mode'
2018-04-09 13:35:25,761 INFO  [sqlalchemy.engine.base.Engine:1154][MainThread] ()
2018-04-09 13:35:25,765 INFO  [sqlalchemy.engine.base.Engine:1151][MainThread] SELECT DATABASE()
2018-04-09 13:35:25,765 INFO  [sqlalchemy.engine.base.Engine:1154][MainThread] ()
2018-04-09 13:35:25,766 INFO  [sqlalchemy.engine.base.Engine:1151][MainThread] show collation where `Charset` = 'utf8' and `Collation` = 'utf8_bin'
2018-04-09 13:35:25,766 INFO  [sqlalchemy.engine.base.Engine:1154][MainThread] ()
2018-04-09 13:35:25,768 INFO  [sqlalchemy.engine.base.Engine:1254][MainThread] SELECT CAST('test plain returns' AS CHAR(60)) AS anon_1
2018-04-09 13:35:25,768 INFO  [sqlalchemy.engine.base.Engine:1255][MainThread] ()
2018-04-09 13:35:25,769 INFO  [sqlalchemy.engine.base.Engine:1254][MainThread] SELECT CAST('test unicode returns' AS CHAR(60)) AS anon_1
2018-04-09 13:35:25,769 INFO  [sqlalchemy.engine.base.Engine:1255][MainThread] ()
2018-04-09 13:35:25,770 INFO  [sqlalchemy.engine.base.Engine:1254][MainThread] SELECT CAST('test collated returns' AS CHAR CHARACTER SET utf8) COLLATE utf8_bin AS anon_1
2018-04-09 13:35:25,770 INFO  [sqlalchemy.engine.base.Engine:1255][MainThread] ()
2018-04-09 13:35:25,787 INFO  [sqlalchemy.engine.base.Engine:1151][MainThread] SHOW CREATE TABLE `Users`
2018-04-09 13:35:25,787 INFO  [sqlalchemy.engine.base.Engine:1154][MainThread] ()
2018-04-09 13:35:25,797 INFO  [sqlalchemy.engine.base.Engine:1151][MainThread] SHOW CREATE TABLE `UserTotp`
2018-04-09 13:35:25,797 INFO  [sqlalchemy.engine.base.Engine:1154][MainThread] ()
2018-04-09 13:35:25,804 INFO  [sqlalchemy.engine.base.Engine:1151][MainThread] SHOW CREATE TABLE `UserTokens`
2018-04-09 13:35:25,805 INFO  [sqlalchemy.engine.base.Engine:1154][MainThread] ()
2018-04-09 13:35:25,810 INFO  [sqlalchemy.engine.base.Engine:1151][MainThread] SHOW CREATE TABLE `UserTransaction`
2018-04-09 13:35:25,810 INFO  [sqlalchemy.engine.base.Engine:1154][MainThread] ()
2018-04-09 13:35:25,817 INFO  [sqlalchemy.engine.base.Engine:1151][MainThread] SHOW CREATE TABLE `UserReimbursementTicket`
2018-04-09 13:35:25,817 INFO  [sqlalchemy.engine.base.Engine:1154][MainThread] ()
2018-04-09 13:36:13,150 INFO  [pyramid_debugtoolbar:259][waitress] Squashed pyramid.exceptions.PredicateMismatch at http://127.0.0.1:3443/bill/L1863DDVSQB41NFA?token=QUOE57RZA7X0PN1G
traceback url: http://127.0.0.1:3443/_debug_toolbar/313430303530393335393732303830/exception
2018-04-09 13:36:13,153 INFO  [kore_task:20][waitress] 404 Not Found
2018-04-09 13:36:23,897 INFO  [sqlalchemy.engine.base.Engine:682][waitress] BEGIN (implicit)
2018-04-09 13:36:23,899 INFO  [sqlalchemy.engine.base.Engine:1151][waitress] SELECT count(*) AS count_1 
FROM (SELECT `UserTokens`.id AS `UserTokens_id`, `UserTokens`.token AS `UserTokens_token`, `UserTokens`.user_id AS `UserTokens_user_id`, `UserTokens`.created_at AS `UserTokens_created_at`, `UserTokens`.expiry AS `UserTokens_expiry` 
FROM `UserTokens` 
WHERE `UserTokens`.expiry <= %s) AS anon_1
2018-04-09 13:36:23,900 INFO  [sqlalchemy.engine.base.Engine:1154][waitress] (datetime.datetime(2018, 4, 9, 13, 36, 23, 890703),)
2018-04-09 13:36:23,906 INFO  [sqlalchemy.engine.base.Engine:1151][waitress] SELECT `Users`.id AS `Users_id`, `Users`.email AS `Users_email`, `Users`.name AS `Users_name`, `Users`.password AS `Users_password`, `Users`.dob AS `Users_dob`, `Users`.gender AS `Users_gender`, `Users`.mobile_no AS `Users_mobile_no`, `Users`.`role` AS `Users_role`, `Users`.created_at AS `Users_created_at`, `Users`.current AS `Users_current`, `UserTokens`.id AS `UserTokens_id`, `UserTokens`.token AS `UserTokens_token`, `UserTokens`.user_id AS `UserTokens_user_id`, `UserTokens`.created_at AS `UserTokens_created_at`, `UserTokens`.expiry AS `UserTokens_expiry` 
FROM `Users` INNER JOIN `UserTokens` ON `UserTokens`.user_id = `Users`.id 
WHERE `UserTokens`.token = %s 
 LIMIT %s
2018-04-09 13:36:23,907 INFO  [sqlalchemy.engine.base.Engine:1154][waitress] ('QUOE57RZA7X0PN1G', 1)
2018-04-09 13:36:23,913 INFO  [sqlalchemy.engine.base.Engine:1151][waitress] SELECT `UserTransaction`.id AS `UserTransaction_id`, `UserTransaction`.bill_url AS `UserTransaction_bill_url`, `UserTransaction`.reason AS `UserTransaction_reason`, `UserTransaction`.paid_for AS `UserTransaction_paid_for`, `UserTransaction`.amount AS `UserTransaction_amount`, `UserTransaction`.type AS `UserTransaction_type`, `UserTransaction`.dob AS `UserTransaction_dob`, `UserTransaction`.user_id AS `UserTransaction_user_id`, `UserTransaction`.hash AS `UserTransaction_hash`, `UserTransaction`.created_at AS `UserTransaction_created_at` 
FROM `UserTransaction` 
WHERE `UserTransaction`.hash = %s 
 LIMIT %s
2018-04-09 13:36:23,914 INFO  [sqlalchemy.engine.base.Engine:1154][waitress] ('L1863DDVSQB41NFA', 1)
2018-04-09 13:36:23,917 INFO  [sqlalchemy.engine.base.Engine:702][waitress] ROLLBACK
2018-04-09 13:36:24,053 INFO  [kore_task:20][waitress] 200 OK
2018-04-09 13:48:56,940 INFO  [kore_task:20][waitress] 200 OK
2018-04-09 13:48:57,277 INFO  [sqlalchemy.engine.base.Engine:682][waitress] BEGIN (implicit)
2018-04-09 13:48:57,279 INFO  [sqlalchemy.engine.base.Engine:1151][waitress] SELECT count(*) AS count_1 
FROM (SELECT `UserTokens`.id AS `UserTokens_id`, `UserTokens`.token AS `UserTokens_token`, `UserTokens`.user_id AS `UserTokens_user_id`, `UserTokens`.created_at AS `UserTokens_created_at`, `UserTokens`.expiry AS `UserTokens_expiry` 
FROM `UserTokens` 
WHERE `UserTokens`.expiry <= %s) AS anon_1
2018-04-09 13:48:57,279 INFO  [sqlalchemy.engine.base.Engine:1154][waitress] (datetime.datetime(2018, 4, 9, 13, 48, 57, 273549),)
2018-04-09 13:48:57,282 INFO  [sqlalchemy.engine.base.Engine:1151][waitress] SELECT `Users`.id AS `Users_id`, `Users`.email AS `Users_email`, `Users`.name AS `Users_name`, `Users`.password AS `Users_password`, `Users`.dob AS `Users_dob`, `Users`.gender AS `Users_gender`, `Users`.mobile_no AS `Users_mobile_no`, `Users`.`role` AS `Users_role`, `Users`.created_at AS `Users_created_at`, `Users`.current AS `Users_current`, `UserTokens`.id AS `UserTokens_id`, `UserTokens`.token AS `UserTokens_token`, `UserTokens`.user_id AS `UserTokens_user_id`, `UserTokens`.created_at AS `UserTokens_created_at`, `UserTokens`.expiry AS `UserTokens_expiry` 
FROM `Users` INNER JOIN `UserTokens` ON `UserTokens`.user_id = `Users`.id 
WHERE `UserTokens`.token = %s 
 LIMIT %s
2018-04-09 13:48:57,282 INFO  [sqlalchemy.engine.base.Engine:1154][waitress] ('WT8ZI3M4NR0VN1D0', 1)
2018-04-09 13:48:57,284 INFO  [sqlalchemy.engine.base.Engine:1151][waitress] SELECT `Users`.id AS `Users_id`, `Users`.email AS `Users_email`, `Users`.name AS `Users_name`, `Users`.password AS `Users_password`, `Users`.dob AS `Users_dob`, `Users`.gender AS `Users_gender`, `Users`.mobile_no AS `Users_mobile_no`, `Users`.`role` AS `Users_role`, `Users`.created_at AS `Users_created_at`, `Users`.current AS `Users_current` 
FROM `Users`
2018-04-09 13:48:57,284 INFO  [sqlalchemy.engine.base.Engine:1154][waitress] ()
2018-04-09 13:48:57,292 INFO  [kore_task:20][waitress] 200 OK
2018-04-09 13:49:34,204 INFO  [kore_task:20][waitress] 200 OK
2018-04-09 13:49:34,450 INFO  [sqlalchemy.engine.base.Engine:682][waitress] BEGIN (implicit)
2018-04-09 13:49:34,452 INFO  [sqlalchemy.engine.base.Engine:1151][waitress] SELECT `Users`.id AS `Users_id`, `Users`.email AS `Users_email`, `Users`.name AS `Users_name`, `Users`.password AS `Users_password`, `Users`.dob AS `Users_dob`, `Users`.gender AS `Users_gender`, `Users`.mobile_no AS `Users_mobile_no`, `Users`.`role` AS `Users_role`, `Users`.created_at AS `Users_created_at`, `Users`.current AS `Users_current`, `UserTokens`.id AS `UserTokens_id`, `UserTokens`.token AS `UserTokens_token`, `UserTokens`.user_id AS `UserTokens_user_id`, `UserTokens`.created_at AS `UserTokens_created_at`, `UserTokens`.expiry AS `UserTokens_expiry` 
FROM `Users` INNER JOIN `UserTokens` ON `UserTokens`.user_id = `Users`.id 
WHERE `UserTokens`.token = %s 
 LIMIT %s
2018-04-09 13:49:34,452 INFO  [sqlalchemy.engine.base.Engine:1154][waitress] ('WT8ZI3M4NR0VN1D0', 1)
2018-04-09 13:49:34,455 INFO  [sqlalchemy.engine.base.Engine:1151][waitress] SELECT `UserTransaction`.id AS `UserTransaction_id`, `UserTransaction`.bill_url AS `UserTransaction_bill_url`, `UserTransaction`.reason AS `UserTransaction_reason`, `UserTransaction`.paid_for AS `UserTransaction_paid_for`, `UserTransaction`.amount AS `UserTransaction_amount`, `UserTransaction`.type AS `UserTransaction_type`, `UserTransaction`.dob AS `UserTransaction_dob`, `UserTransaction`.user_id AS `UserTransaction_user_id`, `UserTransaction`.hash AS `UserTransaction_hash`, `UserTransaction`.created_at AS `UserTransaction_created_at` 
FROM `UserTransaction` 
WHERE `UserTransaction`.user_id = %s ORDER BY `UserTransaction`.dob ASC
2018-04-09 13:49:34,456 INFO  [sqlalchemy.engine.base.Engine:1154][waitress] (27,)
2018-04-09 13:49:34,457 INFO  [sqlalchemy.engine.base.Engine:702][waitress] ROLLBACK
2018-04-09 13:49:34,463 INFO  [kore_task:20][waitress] 200 OK
2018-04-09 13:49:51,925 INFO  [kore_task:20][waitress] 200 OK
2018-04-09 13:49:52,194 INFO  [pyramid_debugtoolbar:259][waitress] Squashed pyramid.exceptions.PredicateMismatch at http://127.0.0.1:3443/bill/L1863DDVSQB41NFA
traceback url: http://127.0.0.1:3443/_debug_toolbar/313430303530363935373038393132/exception
2018-04-09 13:49:52,197 INFO  [kore_task:20][waitress] 404 Not Found
2018-04-09 13:50:27,067 INFO  [kore_task:20][waitress] 200 OK
2018-04-09 13:50:27,312 INFO  [sqlalchemy.engine.base.Engine:682][waitress] BEGIN (implicit)
2018-04-09 13:50:27,314 INFO  [sqlalchemy.engine.base.Engine:1151][waitress] SELECT `Users`.id AS `Users_id`, `Users`.email AS `Users_email`, `Users`.name AS `Users_name`, `Users`.password AS `Users_password`, `Users`.dob AS `Users_dob`, `Users`.gender AS `Users_gender`, `Users`.mobile_no AS `Users_mobile_no`, `Users`.`role` AS `Users_role`, `Users`.created_at AS `Users_created_at`, `Users`.current AS `Users_current`, `UserTokens`.id AS `UserTokens_id`, `UserTokens`.token AS `UserTokens_token`, `UserTokens`.user_id AS `UserTokens_user_id`, `UserTokens`.created_at AS `UserTokens_created_at`, `UserTokens`.expiry AS `UserTokens_expiry` 
FROM `Users` INNER JOIN `UserTokens` ON `UserTokens`.user_id = `Users`.id 
WHERE `UserTokens`.token = %s 
 LIMIT %s
2018-04-09 13:50:27,315 INFO  [sqlalchemy.engine.base.Engine:1154][waitress] ('WT8ZI3M4NR0VN1D0', 1)
2018-04-09 13:50:27,318 INFO  [sqlalchemy.engine.base.Engine:1151][waitress] SELECT `UserTransaction`.id AS `UserTransaction_id`, `UserTransaction`.bill_url AS `UserTransaction_bill_url`, `UserTransaction`.reason AS `UserTransaction_reason`, `UserTransaction`.paid_for AS `UserTransaction_paid_for`, `UserTransaction`.amount AS `UserTransaction_amount`, `UserTransaction`.type AS `UserTransaction_type`, `UserTransaction`.dob AS `UserTransaction_dob`, `UserTransaction`.user_id AS `UserTransaction_user_id`, `UserTransaction`.hash AS `UserTransaction_hash`, `UserTransaction`.created_at AS `UserTransaction_created_at` 
FROM `UserTransaction` 
WHERE `UserTransaction`.user_id = %s ORDER BY `UserTransaction`.dob ASC
2018-04-09 13:50:27,319 INFO  [sqlalchemy.engine.base.Engine:1154][waitress] (27,)
2018-04-09 13:50:27,320 INFO  [sqlalchemy.engine.base.Engine:702][waitress] ROLLBACK
2018-04-09 13:50:27,327 INFO  [kore_task:20][waitress] 200 OK
2018-04-09 13:50:30,894 INFO  [kore_task:20][waitress] 200 OK
2018-04-09 13:50:31,156 INFO  [pyramid_debugtoolbar:259][waitress] Squashed pyramid.exceptions.PredicateMismatch at http://127.0.0.1:3443/bill/L1863DDVSQB41NFA
traceback url: http://127.0.0.1:3443/_debug_toolbar/313430303530363935333534313238/exception
2018-04-09 13:50:31,159 INFO  [kore_task:20][waitress] 404 Not Found
2018-04-09 13:50:31,533 INFO  [kore_task:20][waitress] 401 Unauthorized
2018-04-09 13:50:32,142 INFO  [kore_task:20][waitress] 404 Not Found
2018-04-09 13:54:54,318 INFO  [kore_task:20][waitress] 200 OK
2018-04-09 13:54:54,654 INFO  [sqlalchemy.engine.base.Engine:682][waitress] BEGIN (implicit)
2018-04-09 13:54:54,656 INFO  [sqlalchemy.engine.base.Engine:1151][waitress] SELECT `Users`.id AS `Users_id`, `Users`.email AS `Users_email`, `Users`.name AS `Users_name`, `Users`.password AS `Users_password`, `Users`.dob AS `Users_dob`, `Users`.gender AS `Users_gender`, `Users`.mobile_no AS `Users_mobile_no`, `Users`.`role` AS `Users_role`, `Users`.created_at AS `Users_created_at`, `Users`.current AS `Users_current`, `UserTokens`.id AS `UserTokens_id`, `UserTokens`.token AS `UserTokens_token`, `UserTokens`.user_id AS `UserTokens_user_id`, `UserTokens`.created_at AS `UserTokens_created_at`, `UserTokens`.expiry AS `UserTokens_expiry` 
FROM `Users` INNER JOIN `UserTokens` ON `UserTokens`.user_id = `Users`.id 
WHERE `UserTokens`.token = %s 
 LIMIT %s
2018-04-09 13:54:54,656 INFO  [sqlalchemy.engine.base.Engine:1154][waitress] ('WT8ZI3M4NR0VN1D0', 1)
2018-04-09 13:54:54,660 INFO  [sqlalchemy.engine.base.Engine:1151][waitress] SELECT `UserTransaction`.id AS `UserTransaction_id`, `UserTransaction`.bill_url AS `UserTransaction_bill_url`, `UserTransaction`.reason AS `UserTransaction_reason`, `UserTransaction`.paid_for AS `UserTransaction_paid_for`, `UserTransaction`.amount AS `UserTransaction_amount`, `UserTransaction`.type AS `UserTransaction_type`, `UserTransaction`.dob AS `UserTransaction_dob`, `UserTransaction`.user_id AS `UserTransaction_user_id`, `UserTransaction`.hash AS `UserTransaction_hash`, `UserTransaction`.created_at AS `UserTransaction_created_at` 
FROM `UserTransaction` 
WHERE `UserTransaction`.user_id = %s ORDER BY `UserTransaction`.dob ASC
2018-04-09 13:54:54,661 INFO  [sqlalchemy.engine.base.Engine:1154][waitress] (27,)
2018-04-09 13:54:54,662 INFO  [sqlalchemy.engine.base.Engine:702][waitress] ROLLBACK
2018-04-09 13:54:54,669 INFO  [kore_task:20][waitress] 200 OK
2018-04-09 13:55:20,648 INFO  [kore_task:20][waitress] 200 OK
2018-04-09 13:55:32,525 INFO  [sqlalchemy.engine.base.Engine:682][waitress] BEGIN (implicit)
2018-04-09 13:55:32,527 INFO  [sqlalchemy.engine.base.Engine:1151][waitress] SELECT `Users`.id AS `Users_id`, `Users`.email AS `Users_email`, `Users`.name AS `Users_name`, `Users`.password AS `Users_password`, `Users`.dob AS `Users_dob`, `Users`.gender AS `Users_gender`, `Users`.mobile_no AS `Users_mobile_no`, `Users`.`role` AS `Users_role`, `Users`.created_at AS `Users_created_at`, `Users`.current AS `Users_current`, `UserTokens`.id AS `UserTokens_id`, `UserTokens`.token AS `UserTokens_token`, `UserTokens`.user_id AS `UserTokens_user_id`, `UserTokens`.created_at AS `UserTokens_created_at`, `UserTokens`.expiry AS `UserTokens_expiry` 
FROM `Users` INNER JOIN `UserTokens` ON `UserTokens`.user_id = `Users`.id 
WHERE `UserTokens`.token = %s 
 LIMIT %s
2018-04-09 13:55:32,527 INFO  [sqlalchemy.engine.base.Engine:1154][waitress] ('WT8ZI3M4NR0VN1D0', 1)
2018-04-09 13:55:32,530 INFO  [sqlalchemy.engine.base.Engine:1151][waitress] SELECT `UserTransaction`.id AS `UserTransaction_id`, `UserTransaction`.bill_url AS `UserTransaction_bill_url`, `UserTransaction`.reason AS `UserTransaction_reason`, `UserTransaction`.paid_for AS `UserTransaction_paid_for`, `UserTransaction`.amount AS `UserTransaction_amount`, `UserTransaction`.type AS `UserTransaction_type`, `UserTransaction`.dob AS `UserTransaction_dob`, `UserTransaction`.user_id AS `UserTransaction_user_id`, `UserTransaction`.hash AS `UserTransaction_hash`, `UserTransaction`.created_at AS `UserTransaction_created_at` 
FROM `UserTransaction` 
WHERE `UserTransaction`.user_id = %s ORDER BY `UserTransaction`.dob ASC
2018-04-09 13:55:32,530 INFO  [sqlalchemy.engine.base.Engine:1154][waitress] (27,)
2018-04-09 13:55:32,531 INFO  [sqlalchemy.engine.base.Engine:702][waitress] ROLLBACK
2018-04-09 13:55:32,537 INFO  [kore_task:20][waitress] 200 OK
2018-04-09 13:56:59,089 INFO  [kore_task:20][waitress] 200 OK
2018-04-09 13:56:59,370 INFO  [sqlalchemy.engine.base.Engine:682][waitress] BEGIN (implicit)
2018-04-09 13:56:59,371 INFO  [sqlalchemy.engine.base.Engine:1151][waitress] SELECT `Users`.id AS `Users_id`, `Users`.email AS `Users_email`, `Users`.name AS `Users_name`, `Users`.password AS `Users_password`, `Users`.dob AS `Users_dob`, `Users`.gender AS `Users_gender`, `Users`.mobile_no AS `Users_mobile_no`, `Users`.`role` AS `Users_role`, `Users`.created_at AS `Users_created_at`, `Users`.current AS `Users_current`, `UserTokens`.id AS `UserTokens_id`, `UserTokens`.token AS `UserTokens_token`, `UserTokens`.user_id AS `UserTokens_user_id`, `UserTokens`.created_at AS `UserTokens_created_at`, `UserTokens`.expiry AS `UserTokens_expiry` 
FROM `Users` INNER JOIN `UserTokens` ON `UserTokens`.user_id = `Users`.id 
WHERE `UserTokens`.token = %s 
 LIMIT %s
2018-04-09 13:56:59,372 INFO  [sqlalchemy.engine.base.Engine:1154][waitress] ('WT8ZI3M4NR0VN1D0', 1)
2018-04-09 13:56:59,375 INFO  [sqlalchemy.engine.base.Engine:1151][waitress] SELECT `UserTransaction`.id AS `UserTransaction_id`, `UserTransaction`.bill_url AS `UserTransaction_bill_url`, `UserTransaction`.reason AS `UserTransaction_reason`, `UserTransaction`.paid_for AS `UserTransaction_paid_for`, `UserTransaction`.amount AS `UserTransaction_amount`, `UserTransaction`.type AS `UserTransaction_type`, `UserTransaction`.dob AS `UserTransaction_dob`, `UserTransaction`.user_id AS `UserTransaction_user_id`, `UserTransaction`.hash AS `UserTransaction_hash`, `UserTransaction`.created_at AS `UserTransaction_created_at` 
FROM `UserTransaction` 
WHERE `UserTransaction`.user_id = %s ORDER BY `UserTransaction`.dob ASC
2018-04-09 13:56:59,376 INFO  [sqlalchemy.engine.base.Engine:1154][waitress] (27,)
2018-04-09 13:56:59,378 INFO  [sqlalchemy.engine.base.Engine:702][waitress] ROLLBACK
2018-04-09 13:56:59,384 INFO  [kore_task:20][waitress] 200 OK
2018-04-09 13:57:17,108 INFO  [kore_task:20][waitress] 200 OK
2018-04-09 13:57:17,377 INFO  [sqlalchemy.engine.base.Engine:682][waitress] BEGIN (implicit)
2018-04-09 13:57:17,379 INFO  [sqlalchemy.engine.base.Engine:1151][waitress] SELECT `Users`.id AS `Users_id`, `Users`.email AS `Users_email`, `Users`.name AS `Users_name`, `Users`.password AS `Users_password`, `Users`.dob AS `Users_dob`, `Users`.gender AS `Users_gender`, `Users`.mobile_no AS `Users_mobile_no`, `Users`.`role` AS `Users_role`, `Users`.created_at AS `Users_created_at`, `Users`.current AS `Users_current`, `UserTokens`.id AS `UserTokens_id`, `UserTokens`.token AS `UserTokens_token`, `UserTokens`.user_id AS `UserTokens_user_id`, `UserTokens`.created_at AS `UserTokens_created_at`, `UserTokens`.expiry AS `UserTokens_expiry` 
FROM `Users` INNER JOIN `UserTokens` ON `UserTokens`.user_id = `Users`.id 
WHERE `UserTokens`.token = %s 
 LIMIT %s
2018-04-09 13:57:17,379 INFO  [sqlalchemy.engine.base.Engine:1154][waitress] ('WT8ZI3M4NR0VN1D0', 1)
2018-04-09 13:57:17,382 INFO  [sqlalchemy.engine.base.Engine:1151][waitress] SELECT `UserTransaction`.id AS `UserTransaction_id`, `UserTransaction`.bill_url AS `UserTransaction_bill_url`, `UserTransaction`.reason AS `UserTransaction_reason`, `UserTransaction`.paid_for AS `UserTransaction_paid_for`, `UserTransaction`.amount AS `UserTransaction_amount`, `UserTransaction`.type AS `UserTransaction_type`, `UserTransaction`.dob AS `UserTransaction_dob`, `UserTransaction`.user_id AS `UserTransaction_user_id`, `UserTransaction`.hash AS `UserTransaction_hash`, `UserTransaction`.created_at AS `UserTransaction_created_at` 
FROM `UserTransaction` 
WHERE `UserTransaction`.user_id = %s ORDER BY `UserTransaction`.dob ASC
2018-04-09 13:57:17,383 INFO  [sqlalchemy.engine.base.Engine:1154][waitress] (27,)
2018-04-09 13:57:17,384 INFO  [sqlalchemy.engine.base.Engine:702][waitress] ROLLBACK
2018-04-09 13:57:17,390 INFO  [kore_task:20][waitress] 200 OK
2018-04-09 13:57:35,875 INFO  [kore_task:20][waitress] 200 OK
2018-04-09 13:57:36,122 INFO  [sqlalchemy.engine.base.Engine:682][waitress] BEGIN (implicit)
2018-04-09 13:57:36,123 INFO  [sqlalchemy.engine.base.Engine:1151][waitress] SELECT `Users`.id AS `Users_id`, `Users`.email AS `Users_email`, `Users`.name AS `Users_name`, `Users`.password AS `Users_password`, `Users`.dob AS `Users_dob`, `Users`.gender AS `Users_gender`, `Users`.mobile_no AS `Users_mobile_no`, `Users`.`role` AS `Users_role`, `Users`.created_at AS `Users_created_at`, `Users`.current AS `Users_current`, `UserTokens`.id AS `UserTokens_id`, `UserTokens`.token AS `UserTokens_token`, `UserTokens`.user_id AS `UserTokens_user_id`, `UserTokens`.created_at AS `UserTokens_created_at`, `UserTokens`.expiry AS `UserTokens_expiry` 
FROM `Users` INNER JOIN `UserTokens` ON `UserTokens`.user_id = `Users`.id 
WHERE `UserTokens`.token = %s 
 LIMIT %s
2018-04-09 13:57:36,124 INFO  [sqlalchemy.engine.base.Engine:1154][waitress] ('WT8ZI3M4NR0VN1D0', 1)
2018-04-09 13:57:36,126 INFO  [sqlalchemy.engine.base.Engine:1151][waitress] SELECT `UserTransaction`.id AS `UserTransaction_id`, `UserTransaction`.bill_url AS `UserTransaction_bill_url`, `UserTransaction`.reason AS `UserTransaction_reason`, `UserTransaction`.paid_for AS `UserTransaction_paid_for`, `UserTransaction`.amount AS `UserTransaction_amount`, `UserTransaction`.type AS `UserTransaction_type`, `UserTransaction`.dob AS `UserTransaction_dob`, `UserTransaction`.user_id AS `UserTransaction_user_id`, `UserTransaction`.hash AS `UserTransaction_hash`, `UserTransaction`.created_at AS `UserTransaction_created_at` 
FROM `UserTransaction` 
WHERE `UserTransaction`.user_id = %s ORDER BY `UserTransaction`.dob ASC
2018-04-09 13:57:36,126 INFO  [sqlalchemy.engine.base.Engine:1154][waitress] (27,)
2018-04-09 13:57:36,128 INFO  [sqlalchemy.engine.base.Engine:702][waitress] ROLLBACK
2018-04-09 13:57:36,133 INFO  [kore_task:20][waitress] 200 OK
2018-04-09 14:01:10,098 INFO  [kore_task:20][waitress] 200 OK
2018-04-09 14:01:10,478 INFO  [sqlalchemy.engine.base.Engine:682][waitress] BEGIN (implicit)
2018-04-09 14:01:10,479 INFO  [sqlalchemy.engine.base.Engine:1151][waitress] SELECT `Users`.id AS `Users_id`, `Users`.email AS `Users_email`, `Users`.name AS `Users_name`, `Users`.password AS `Users_password`, `Users`.dob AS `Users_dob`, `Users`.gender AS `Users_gender`, `Users`.mobile_no AS `Users_mobile_no`, `Users`.`role` AS `Users_role`, `Users`.created_at AS `Users_created_at`, `Users`.current AS `Users_current`, `UserTokens`.id AS `UserTokens_id`, `UserTokens`.token AS `UserTokens_token`, `UserTokens`.user_id AS `UserTokens_user_id`, `UserTokens`.created_at AS `UserTokens_created_at`, `UserTokens`.expiry AS `UserTokens_expiry` 
FROM `Users` INNER JOIN `UserTokens` ON `UserTokens`.user_id = `Users`.id 
WHERE `UserTokens`.token = %s 
 LIMIT %s
2018-04-09 14:01:10,480 INFO  [sqlalchemy.engine.base.Engine:1154][waitress] ('WT8ZI3M4NR0VN1D0', 1)
2018-04-09 14:01:10,482 INFO  [sqlalchemy.engine.base.Engine:1151][waitress] SELECT `UserTransaction`.id AS `UserTransaction_id`, `UserTransaction`.bill_url AS `UserTransaction_bill_url`, `UserTransaction`.reason AS `UserTransaction_reason`, `UserTransaction`.paid_for AS `UserTransaction_paid_for`, `UserTransaction`.amount AS `UserTransaction_amount`, `UserTransaction`.type AS `UserTransaction_type`, `UserTransaction`.dob AS `UserTransaction_dob`, `UserTransaction`.user_id AS `UserTransaction_user_id`, `UserTransaction`.hash AS `UserTransaction_hash`, `UserTransaction`.created_at AS `UserTransaction_created_at` 
FROM `UserTransaction` 
WHERE `UserTransaction`.user_id = %s ORDER BY `UserTransaction`.dob ASC
2018-04-09 14:01:10,483 INFO  [sqlalchemy.engine.base.Engine:1154][waitress] (27,)
2018-04-09 14:01:10,484 INFO  [sqlalchemy.engine.base.Engine:702][waitress] ROLLBACK
2018-04-09 14:01:10,490 INFO  [kore_task:20][waitress] 200 OK
2018-04-09 14:02:20,376 INFO  [kore_task:20][waitress] 200 OK
2018-04-09 14:02:20,692 INFO  [sqlalchemy.engine.base.Engine:682][waitress] BEGIN (implicit)
2018-04-09 14:02:20,696 INFO  [sqlalchemy.engine.base.Engine:1151][waitress] SELECT `Users`.id AS `Users_id`, `Users`.email AS `Users_email`, `Users`.name AS `Users_name`, `Users`.password AS `Users_password`, `Users`.dob AS `Users_dob`, `Users`.gender AS `Users_gender`, `Users`.mobile_no AS `Users_mobile_no`, `Users`.`role` AS `Users_role`, `Users`.created_at AS `Users_created_at`, `Users`.current AS `Users_current`, `UserTokens`.id AS `UserTokens_id`, `UserTokens`.token AS `UserTokens_token`, `UserTokens`.user_id AS `UserTokens_user_id`, `UserTokens`.created_at AS `UserTokens_created_at`, `UserTokens`.expiry AS `UserTokens_expiry` 
FROM `Users` INNER JOIN `UserTokens` ON `UserTokens`.user_id = `Users`.id 
WHERE `UserTokens`.token = %s 
 LIMIT %s
2018-04-09 14:02:20,696 INFO  [sqlalchemy.engine.base.Engine:1154][waitress] ('WT8ZI3M4NR0VN1D0', 1)
2018-04-09 14:02:20,700 INFO  [sqlalchemy.engine.base.Engine:1151][waitress] SELECT `UserTransaction`.id AS `UserTransaction_id`, `UserTransaction`.bill_url AS `UserTransaction_bill_url`, `UserTransaction`.reason AS `UserTransaction_reason`, `UserTransaction`.paid_for AS `UserTransaction_paid_for`, `UserTransaction`.amount AS `UserTransaction_amount`, `UserTransaction`.type AS `UserTransaction_type`, `UserTransaction`.dob AS `UserTransaction_dob`, `UserTransaction`.user_id AS `UserTransaction_user_id`, `UserTransaction`.hash AS `UserTransaction_hash`, `UserTransaction`.created_at AS `UserTransaction_created_at` 
FROM `UserTransaction` 
WHERE `UserTransaction`.user_id = %s ORDER BY `UserTransaction`.dob ASC
2018-04-09 14:02:20,701 INFO  [sqlalchemy.engine.base.Engine:1154][waitress] (27,)
2018-04-09 14:02:20,703 INFO  [sqlalchemy.engine.base.Engine:702][waitress] ROLLBACK
2018-04-09 14:02:20,714 INFO  [kore_task:20][waitress] 200 OK
2018-04-09 14:02:26,561 INFO  [kore_task:20][waitress] 200 OK
2018-04-09 14:02:26,894 INFO  [pyramid_debugtoolbar:259][waitress] Squashed pyramid.exceptions.PredicateMismatch at http://127.0.0.1:3443/bill/L1863DDVSQB41NFA
traceback url: http://127.0.0.1:3443/_debug_toolbar/313430303530363934333031303634/exception
2018-04-09 14:02:26,897 INFO  [kore_task:20][waitress] 404 Not Found
2018-04-09 14:02:45,116 INFO  [kore_task:20][waitress] 200 OK
2018-04-09 14:02:45,366 INFO  [sqlalchemy.engine.base.Engine:682][waitress] BEGIN (implicit)
2018-04-09 14:02:45,368 INFO  [sqlalchemy.engine.base.Engine:1151][waitress] SELECT `Users`.id AS `Users_id`, `Users`.email AS `Users_email`, `Users`.name AS `Users_name`, `Users`.password AS `Users_password`, `Users`.dob AS `Users_dob`, `Users`.gender AS `Users_gender`, `Users`.mobile_no AS `Users_mobile_no`, `Users`.`role` AS `Users_role`, `Users`.created_at AS `Users_created_at`, `Users`.current AS `Users_current`, `UserTokens`.id AS `UserTokens_id`, `UserTokens`.token AS `UserTokens_token`, `UserTokens`.user_id AS `UserTokens_user_id`, `UserTokens`.created_at AS `UserTokens_created_at`, `UserTokens`.expiry AS `UserTokens_expiry` 
FROM `Users` INNER JOIN `UserTokens` ON `UserTokens`.user_id = `Users`.id 
WHERE `UserTokens`.token = %s 
 LIMIT %s
2018-04-09 14:02:45,368 INFO  [sqlalchemy.engine.base.Engine:1154][waitress] ('WT8ZI3M4NR0VN1D0', 1)
2018-04-09 14:02:45,370 INFO  [sqlalchemy.engine.base.Engine:1151][waitress] SELECT `UserTransaction`.id AS `UserTransaction_id`, `UserTransaction`.bill_url AS `UserTransaction_bill_url`, `UserTransaction`.reason AS `UserTransaction_reason`, `UserTransaction`.paid_for AS `UserTransaction_paid_for`, `UserTransaction`.amount AS `UserTransaction_amount`, `UserTransaction`.type AS `UserTransaction_type`, `UserTransaction`.dob AS `UserTransaction_dob`, `UserTransaction`.user_id AS `UserTransaction_user_id`, `UserTransaction`.hash AS `UserTransaction_hash`, `UserTransaction`.created_at AS `UserTransaction_created_at` 
FROM `UserTransaction` 
WHERE `UserTransaction`.user_id = %s ORDER BY `UserTransaction`.dob ASC
2018-04-09 14:02:45,371 INFO  [sqlalchemy.engine.base.Engine:1154][waitress] (27,)
2018-04-09 14:02:45,372 INFO  [sqlalchemy.engine.base.Engine:702][waitress] ROLLBACK
2018-04-09 14:02:45,378 INFO  [kore_task:20][waitress] 200 OK
2018-04-09 14:02:48,061 INFO  [kore_task:20][waitress] 200 OK
2018-04-09 14:02:48,391 INFO  [pyramid_debugtoolbar:259][waitress] Squashed pyramid.exceptions.PredicateMismatch at http://127.0.0.1:3443/bill/L1863DDVSQB41NFA
traceback url: http://127.0.0.1:3443/_debug_toolbar/313430303530363934303034393736/exception
2018-04-09 14:02:48,393 INFO  [kore_task:20][waitress] 404 Not Found
2018-04-09 14:03:06,829 INFO  [kore_task:20][waitress] 200 OK
2018-04-09 14:03:07,207 INFO  [sqlalchemy.engine.base.Engine:682][waitress] BEGIN (implicit)
2018-04-09 14:03:07,209 INFO  [sqlalchemy.engine.base.Engine:1151][waitress] SELECT `Users`.id AS `Users_id`, `Users`.email AS `Users_email`, `Users`.name AS `Users_name`, `Users`.password AS `Users_password`, `Users`.dob AS `Users_dob`, `Users`.gender AS `Users_gender`, `Users`.mobile_no AS `Users_mobile_no`, `Users`.`role` AS `Users_role`, `Users`.created_at AS `Users_created_at`, `Users`.current AS `Users_current`, `UserTokens`.id AS `UserTokens_id`, `UserTokens`.token AS `UserTokens_token`, `UserTokens`.user_id AS `UserTokens_user_id`, `UserTokens`.created_at AS `UserTokens_created_at`, `UserTokens`.expiry AS `UserTokens_expiry` 
FROM `Users` INNER JOIN `UserTokens` ON `UserTokens`.user_id = `Users`.id 
WHERE `UserTokens`.token = %s 
 LIMIT %s
2018-04-09 14:03:07,210 INFO  [sqlalchemy.engine.base.Engine:1154][waitress] ('WT8ZI3M4NR0VN1D0', 1)
2018-04-09 14:03:07,213 INFO  [sqlalchemy.engine.base.Engine:1151][waitress] SELECT `UserTransaction`.id AS `UserTransaction_id`, `UserTransaction`.bill_url AS `UserTransaction_bill_url`, `UserTransaction`.reason AS `UserTransaction_reason`, `UserTransaction`.paid_for AS `UserTransaction_paid_for`, `UserTransaction`.amount AS `UserTransaction_amount`, `UserTransaction`.type AS `UserTransaction_type`, `UserTransaction`.dob AS `UserTransaction_dob`, `UserTransaction`.user_id AS `UserTransaction_user_id`, `UserTransaction`.hash AS `UserTransaction_hash`, `UserTransaction`.created_at AS `UserTransaction_created_at` 
FROM `UserTransaction` 
WHERE `UserTransaction`.user_id = %s ORDER BY `UserTransaction`.dob ASC
2018-04-09 14:03:07,213 INFO  [sqlalchemy.engine.base.Engine:1154][waitress] (27,)
2018-04-09 14:03:07,215 INFO  [sqlalchemy.engine.base.Engine:702][waitress] ROLLBACK
2018-04-09 14:03:07,221 INFO  [kore_task:20][waitress] 200 OK
2018-04-09 14:03:09,881 INFO  [kore_task:20][waitress] 200 OK
2018-04-09 14:03:10,251 INFO  [pyramid_debugtoolbar:259][waitress] Squashed pyramid.exceptions.PredicateMismatch at http://127.0.0.1:3443/bill/L1863DDVSQB41NFA
traceback url: http://127.0.0.1:3443/_debug_toolbar/313430303530363933353036313630/exception
2018-04-09 14:03:10,254 INFO  [kore_task:20][waitress] 404 Not Found
2018-04-09 14:04:27,391 INFO  [kore_task:20][waitress] 200 OK
2018-04-09 14:04:27,668 INFO  [sqlalchemy.engine.base.Engine:682][waitress] BEGIN (implicit)
2018-04-09 14:04:27,670 INFO  [sqlalchemy.engine.base.Engine:1151][waitress] SELECT `Users`.id AS `Users_id`, `Users`.email AS `Users_email`, `Users`.name AS `Users_name`, `Users`.password AS `Users_password`, `Users`.dob AS `Users_dob`, `Users`.gender AS `Users_gender`, `Users`.mobile_no AS `Users_mobile_no`, `Users`.`role` AS `Users_role`, `Users`.created_at AS `Users_created_at`, `Users`.current AS `Users_current`, `UserTokens`.id AS `UserTokens_id`, `UserTokens`.token AS `UserTokens_token`, `UserTokens`.user_id AS `UserTokens_user_id`, `UserTokens`.created_at AS `UserTokens_created_at`, `UserTokens`.expiry AS `UserTokens_expiry` 
FROM `Users` INNER JOIN `UserTokens` ON `UserTokens`.user_id = `Users`.id 
WHERE `UserTokens`.token = %s 
 LIMIT %s
2018-04-09 14:04:27,670 INFO  [sqlalchemy.engine.base.Engine:1154][waitress] ('WT8ZI3M4NR0VN1D0', 1)
2018-04-09 14:04:27,673 INFO  [sqlalchemy.engine.base.Engine:1151][waitress] SELECT `UserTransaction`.id AS `UserTransaction_id`, `UserTransaction`.bill_url AS `UserTransaction_bill_url`, `UserTransaction`.reason AS `UserTransaction_reason`, `UserTransaction`.paid_for AS `UserTransaction_paid_for`, `UserTransaction`.amount AS `UserTransaction_amount`, `UserTransaction`.type AS `UserTransaction_type`, `UserTransaction`.dob AS `UserTransaction_dob`, `UserTransaction`.user_id AS `UserTransaction_user_id`, `UserTransaction`.hash AS `UserTransaction_hash`, `UserTransaction`.created_at AS `UserTransaction_created_at` 
FROM `UserTransaction` 
WHERE `UserTransaction`.user_id = %s ORDER BY `UserTransaction`.dob ASC
2018-04-09 14:04:27,673 INFO  [sqlalchemy.engine.base.Engine:1154][waitress] (27,)
2018-04-09 14:04:27,675 INFO  [sqlalchemy.engine.base.Engine:702][waitress] ROLLBACK
2018-04-09 14:04:27,680 INFO  [kore_task:20][waitress] 200 OK
2018-04-09 14:04:31,544 INFO  [kore_task:20][waitress] 200 OK
2018-04-09 14:04:31,638 INFO  [sqlalchemy.engine.base.Engine:682][waitress] BEGIN (implicit)
2018-04-09 14:04:31,640 INFO  [sqlalchemy.engine.base.Engine:1151][waitress] SELECT count(*) AS count_1 
FROM (SELECT `UserTokens`.id AS `UserTokens_id`, `UserTokens`.token AS `UserTokens_token`, `UserTokens`.user_id AS `UserTokens_user_id`, `UserTokens`.created_at AS `UserTokens_created_at`, `UserTokens`.expiry AS `UserTokens_expiry` 
FROM `UserTokens` 
WHERE `UserTokens`.expiry <= %s) AS anon_1
2018-04-09 14:04:31,640 INFO  [sqlalchemy.engine.base.Engine:1154][waitress] (datetime.datetime(2018, 4, 9, 14, 4, 31, 635850),)
2018-04-09 14:04:31,643 INFO  [sqlalchemy.engine.base.Engine:1151][waitress] SELECT `Users`.id AS `Users_id`, `Users`.email AS `Users_email`, `Users`.name AS `Users_name`, `Users`.password AS `Users_password`, `Users`.dob AS `Users_dob`, `Users`.gender AS `Users_gender`, `Users`.mobile_no AS `Users_mobile_no`, `Users`.`role` AS `Users_role`, `Users`.created_at AS `Users_created_at`, `Users`.current AS `Users_current`, `UserTokens`.id AS `UserTokens_id`, `UserTokens`.token AS `UserTokens_token`, `UserTokens`.user_id AS `UserTokens_user_id`, `UserTokens`.created_at AS `UserTokens_created_at`, `UserTokens`.expiry AS `UserTokens_expiry` 
FROM `Users` INNER JOIN `UserTokens` ON `UserTokens`.user_id = `Users`.id 
WHERE `UserTokens`.token = %s 
 LIMIT %s
2018-04-09 14:04:31,643 INFO  [sqlalchemy.engine.base.Engine:1154][waitress] ('WT8ZI3M4NR0VN1D0', 1)
2018-04-09 14:04:31,646 INFO  [sqlalchemy.engine.base.Engine:1151][waitress] SELECT `UserTransaction`.id AS `UserTransaction_id`, `UserTransaction`.bill_url AS `UserTransaction_bill_url`, `UserTransaction`.reason AS `UserTransaction_reason`, `UserTransaction`.paid_for AS `UserTransaction_paid_for`, `UserTransaction`.amount AS `UserTransaction_amount`, `UserTransaction`.type AS `UserTransaction_type`, `UserTransaction`.dob AS `UserTransaction_dob`, `UserTransaction`.user_id AS `UserTransaction_user_id`, `UserTransaction`.hash AS `UserTransaction_hash`, `UserTransaction`.created_at AS `UserTransaction_created_at` 
FROM `UserTransaction` 
WHERE `UserTransaction`.hash = %s 
 LIMIT %s
2018-04-09 14:04:31,646 INFO  [sqlalchemy.engine.base.Engine:1154][waitress] ('L1863DDVSQB41NFA', 1)
2018-04-09 14:04:31,648 INFO  [sqlalchemy.engine.base.Engine:702][waitress] ROLLBACK
2018-04-09 14:04:31,656 INFO  [kore_task:20][waitress] 200 OK
2018-04-09 14:04:31,868 INFO  [pyramid_debugtoolbar:259][waitress] Squashed pyramid.exceptions.PredicateMismatch at http://127.0.0.1:3443/bill/L1863DDVSQB41NFA
traceback url: http://127.0.0.1:3443/_debug_toolbar/313430303530363932393932343732/exception
2018-04-09 14:04:31,871 INFO  [kore_task:20][waitress] 404 Not Found
2018-04-09 14:08:04,853 INFO  [kore_task:20][waitress] 200 OK
2018-04-09 14:08:05,249 INFO  [sqlalchemy.engine.base.Engine:682][waitress] BEGIN (implicit)
2018-04-09 14:08:05,250 INFO  [sqlalchemy.engine.base.Engine:1151][waitress] SELECT `Users`.id AS `Users_id`, `Users`.email AS `Users_email`, `Users`.name AS `Users_name`, `Users`.password AS `Users_password`, `Users`.dob AS `Users_dob`, `Users`.gender AS `Users_gender`, `Users`.mobile_no AS `Users_mobile_no`, `Users`.`role` AS `Users_role`, `Users`.created_at AS `Users_created_at`, `Users`.current AS `Users_current`, `UserTokens`.id AS `UserTokens_id`, `UserTokens`.token AS `UserTokens_token`, `UserTokens`.user_id AS `UserTokens_user_id`, `UserTokens`.created_at AS `UserTokens_created_at`, `UserTokens`.expiry AS `UserTokens_expiry` 
FROM `Users` INNER JOIN `UserTokens` ON `UserTokens`.user_id = `Users`.id 
WHERE `UserTokens`.token = %s 
 LIMIT %s
2018-04-09 14:08:05,251 INFO  [sqlalchemy.engine.base.Engine:1154][waitress] ('WT8ZI3M4NR0VN1D0', 1)
2018-04-09 14:08:05,253 INFO  [sqlalchemy.engine.base.Engine:1151][waitress] SELECT `UserTransaction`.id AS `UserTransaction_id`, `UserTransaction`.bill_url AS `UserTransaction_bill_url`, `UserTransaction`.reason AS `UserTransaction_reason`, `UserTransaction`.paid_for AS `UserTransaction_paid_for`, `UserTransaction`.amount AS `UserTransaction_amount`, `UserTransaction`.type AS `UserTransaction_type`, `UserTransaction`.dob AS `UserTransaction_dob`, `UserTransaction`.user_id AS `UserTransaction_user_id`, `UserTransaction`.hash AS `UserTransaction_hash`, `UserTransaction`.created_at AS `UserTransaction_created_at` 
FROM `UserTransaction` 
WHERE `UserTransaction`.user_id = %s ORDER BY `UserTransaction`.dob ASC
2018-04-09 14:08:05,254 INFO  [sqlalchemy.engine.base.Engine:1154][waitress] (27,)
2018-04-09 14:08:05,255 INFO  [sqlalchemy.engine.base.Engine:702][waitress] ROLLBACK
2018-04-09 14:08:05,261 INFO  [kore_task:20][waitress] 200 OK
2018-04-09 14:08:23,090 INFO  [kore_task:20][waitress] 200 OK
2018-04-09 14:08:23,394 INFO  [sqlalchemy.engine.base.Engine:682][waitress] BEGIN (implicit)
2018-04-09 14:08:23,396 INFO  [sqlalchemy.engine.base.Engine:1151][waitress] SELECT `Users`.id AS `Users_id`, `Users`.email AS `Users_email`, `Users`.name AS `Users_name`, `Users`.password AS `Users_password`, `Users`.dob AS `Users_dob`, `Users`.gender AS `Users_gender`, `Users`.mobile_no AS `Users_mobile_no`, `Users`.`role` AS `Users_role`, `Users`.created_at AS `Users_created_at`, `Users`.current AS `Users_current`, `UserTokens`.id AS `UserTokens_id`, `UserTokens`.token AS `UserTokens_token`, `UserTokens`.user_id AS `UserTokens_user_id`, `UserTokens`.created_at AS `UserTokens_created_at`, `UserTokens`.expiry AS `UserTokens_expiry` 
FROM `Users` INNER JOIN `UserTokens` ON `UserTokens`.user_id = `Users`.id 
WHERE `UserTokens`.token = %s 
 LIMIT %s
2018-04-09 14:08:23,397 INFO  [sqlalchemy.engine.base.Engine:1154][waitress] ('WT8ZI3M4NR0VN1D0', 1)
2018-04-09 14:08:23,400 INFO  [sqlalchemy.engine.base.Engine:1151][waitress] SELECT `UserTransaction`.id AS `UserTransaction_id`, `UserTransaction`.bill_url AS `UserTransaction_bill_url`, `UserTransaction`.reason AS `UserTransaction_reason`, `UserTransaction`.paid_for AS `UserTransaction_paid_for`, `UserTransaction`.amount AS `UserTransaction_amount`, `UserTransaction`.type AS `UserTransaction_type`, `UserTransaction`.dob AS `UserTransaction_dob`, `UserTransaction`.user_id AS `UserTransaction_user_id`, `UserTransaction`.hash AS `UserTransaction_hash`, `UserTransaction`.created_at AS `UserTransaction_created_at` 
FROM `UserTransaction` 
WHERE `UserTransaction`.user_id = %s ORDER BY `UserTransaction`.dob ASC
2018-04-09 14:08:23,400 INFO  [sqlalchemy.engine.base.Engine:1154][waitress] (27,)
2018-04-09 14:08:23,402 INFO  [sqlalchemy.engine.base.Engine:702][waitress] ROLLBACK
2018-04-09 14:08:23,408 INFO  [kore_task:20][waitress] 200 OK
2018-04-09 14:08:42,982 INFO  [kore_task:20][waitress] 200 OK
2018-04-09 14:08:43,262 INFO  [sqlalchemy.engine.base.Engine:682][waitress] BEGIN (implicit)
2018-04-09 14:08:43,263 INFO  [sqlalchemy.engine.base.Engine:1151][waitress] SELECT `Users`.id AS `Users_id`, `Users`.email AS `Users_email`, `Users`.name AS `Users_name`, `Users`.password AS `Users_password`, `Users`.dob AS `Users_dob`, `Users`.gender AS `Users_gender`, `Users`.mobile_no AS `Users_mobile_no`, `Users`.`role` AS `Users_role`, `Users`.created_at AS `Users_created_at`, `Users`.current AS `Users_current`, `UserTokens`.id AS `UserTokens_id`, `UserTokens`.token AS `UserTokens_token`, `UserTokens`.user_id AS `UserTokens_user_id`, `UserTokens`.created_at AS `UserTokens_created_at`, `UserTokens`.expiry AS `UserTokens_expiry` 
FROM `Users` INNER JOIN `UserTokens` ON `UserTokens`.user_id = `Users`.id 
WHERE `UserTokens`.token = %s 
 LIMIT %s
2018-04-09 14:08:43,264 INFO  [sqlalchemy.engine.base.Engine:1154][waitress] ('WT8ZI3M4NR0VN1D0', 1)
2018-04-09 14:08:43,266 INFO  [sqlalchemy.engine.base.Engine:1151][waitress] SELECT `UserTransaction`.id AS `UserTransaction_id`, `UserTransaction`.bill_url AS `UserTransaction_bill_url`, `UserTransaction`.reason AS `UserTransaction_reason`, `UserTransaction`.paid_for AS `UserTransaction_paid_for`, `UserTransaction`.amount AS `UserTransaction_amount`, `UserTransaction`.type AS `UserTransaction_type`, `UserTransaction`.dob AS `UserTransaction_dob`, `UserTransaction`.user_id AS `UserTransaction_user_id`, `UserTransaction`.hash AS `UserTransaction_hash`, `UserTransaction`.created_at AS `UserTransaction_created_at` 
FROM `UserTransaction` 
WHERE `UserTransaction`.user_id = %s ORDER BY `UserTransaction`.dob ASC
2018-04-09 14:08:43,267 INFO  [sqlalchemy.engine.base.Engine:1154][waitress] (27,)
2018-04-09 14:08:43,268 INFO  [sqlalchemy.engine.base.Engine:702][waitress] ROLLBACK
2018-04-09 14:08:43,274 INFO  [kore_task:20][waitress] 200 OK
2018-04-09 14:08:52,093 INFO  [sqlalchemy.engine.base.Engine:682][waitress] BEGIN (implicit)
2018-04-09 14:08:52,095 INFO  [sqlalchemy.engine.base.Engine:1151][waitress] SELECT count(*) AS count_1 
FROM (SELECT `UserTokens`.id AS `UserTokens_id`, `UserTokens`.token AS `UserTokens_token`, `UserTokens`.user_id AS `UserTokens_user_id`, `UserTokens`.created_at AS `UserTokens_created_at`, `UserTokens`.expiry AS `UserTokens_expiry` 
FROM `UserTokens` 
WHERE `UserTokens`.expiry <= %s) AS anon_1
2018-04-09 14:08:52,095 INFO  [sqlalchemy.engine.base.Engine:1154][waitress] (datetime.datetime(2018, 4, 9, 14, 8, 52, 90888),)
2018-04-09 14:08:52,097 INFO  [sqlalchemy.engine.base.Engine:1151][waitress] SELECT `Users`.id AS `Users_id`, `Users`.email AS `Users_email`, `Users`.name AS `Users_name`, `Users`.password AS `Users_password`, `Users`.dob AS `Users_dob`, `Users`.gender AS `Users_gender`, `Users`.mobile_no AS `Users_mobile_no`, `Users`.`role` AS `Users_role`, `Users`.created_at AS `Users_created_at`, `Users`.current AS `Users_current`, `UserTokens`.id AS `UserTokens_id`, `UserTokens`.token AS `UserTokens_token`, `UserTokens`.user_id AS `UserTokens_user_id`, `UserTokens`.created_at AS `UserTokens_created_at`, `UserTokens`.expiry AS `UserTokens_expiry` 
FROM `Users` INNER JOIN `UserTokens` ON `UserTokens`.user_id = `Users`.id 
WHERE `UserTokens`.token = %s 
 LIMIT %s
2018-04-09 14:08:52,098 INFO  [sqlalchemy.engine.base.Engine:1154][waitress] ('QUOE57RZA7X0PN1G', 1)
2018-04-09 14:08:52,100 INFO  [sqlalchemy.engine.base.Engine:1151][waitress] SELECT `UserTransaction`.id AS `UserTransaction_id`, `UserTransaction`.bill_url AS `UserTransaction_bill_url`, `UserTransaction`.reason AS `UserTransaction_reason`, `UserTransaction`.paid_for AS `UserTransaction_paid_for`, `UserTransaction`.amount AS `UserTransaction_amount`, `UserTransaction`.type AS `UserTransaction_type`, `UserTransaction`.dob AS `UserTransaction_dob`, `UserTransaction`.user_id AS `UserTransaction_user_id`, `UserTransaction`.hash AS `UserTransaction_hash`, `UserTransaction`.created_at AS `UserTransaction_created_at` 
FROM `UserTransaction` 
WHERE `UserTransaction`.hash = %s 
 LIMIT %s
2018-04-09 14:08:52,100 INFO  [sqlalchemy.engine.base.Engine:1154][waitress] ('L1863DDVSQB41NFA', 1)
2018-04-09 14:08:52,102 INFO  [sqlalchemy.engine.base.Engine:702][waitress] ROLLBACK
2018-04-09 14:08:52,108 INFO  [kore_task:20][waitress] 200 OK
2018-04-09 14:15:04,183 INFO  [kore_task:20][waitress] 200 OK
2018-04-09 14:15:04,547 INFO  [sqlalchemy.engine.base.Engine:682][waitress] BEGIN (implicit)
2018-04-09 14:15:04,548 INFO  [sqlalchemy.engine.base.Engine:1151][waitress] SELECT `Users`.id AS `Users_id`, `Users`.email AS `Users_email`, `Users`.name AS `Users_name`, `Users`.password AS `Users_password`, `Users`.dob AS `Users_dob`, `Users`.gender AS `Users_gender`, `Users`.mobile_no AS `Users_mobile_no`, `Users`.`role` AS `Users_role`, `Users`.created_at AS `Users_created_at`, `Users`.current AS `Users_current`, `UserTokens`.id AS `UserTokens_id`, `UserTokens`.token AS `UserTokens_token`, `UserTokens`.user_id AS `UserTokens_user_id`, `UserTokens`.created_at AS `UserTokens_created_at`, `UserTokens`.expiry AS `UserTokens_expiry` 
FROM `Users` INNER JOIN `UserTokens` ON `UserTokens`.user_id = `Users`.id 
WHERE `UserTokens`.token = %s 
 LIMIT %s
2018-04-09 14:15:04,549 INFO  [sqlalchemy.engine.base.Engine:1154][waitress] ('WT8ZI3M4NR0VN1D0', 1)
2018-04-09 14:15:04,553 INFO  [sqlalchemy.engine.base.Engine:1151][waitress] SELECT `UserTransaction`.id AS `UserTransaction_id`, `UserTransaction`.bill_url AS `UserTransaction_bill_url`, `UserTransaction`.reason AS `UserTransaction_reason`, `UserTransaction`.paid_for AS `UserTransaction_paid_for`, `UserTransaction`.amount AS `UserTransaction_amount`, `UserTransaction`.type AS `UserTransaction_type`, `UserTransaction`.dob AS `UserTransaction_dob`, `UserTransaction`.user_id AS `UserTransaction_user_id`, `UserTransaction`.hash AS `UserTransaction_hash`, `UserTransaction`.created_at AS `UserTransaction_created_at` 
FROM `UserTransaction` 
WHERE `UserTransaction`.user_id = %s ORDER BY `UserTransaction`.dob ASC
2018-04-09 14:15:04,553 INFO  [sqlalchemy.engine.base.Engine:1154][waitress] (27,)
2018-04-09 14:15:04,555 INFO  [sqlalchemy.engine.base.Engine:702][waitress] ROLLBACK
2018-04-09 14:15:04,561 INFO  [kore_task:20][waitress] 200 OK
2018-04-09 14:18:10,556 INFO  [kore_task:20][waitress] 200 OK
2018-04-09 14:18:10,895 INFO  [sqlalchemy.engine.base.Engine:682][waitress] BEGIN (implicit)
2018-04-09 14:18:10,897 INFO  [sqlalchemy.engine.base.Engine:1151][waitress] SELECT `Users`.id AS `Users_id`, `Users`.email AS `Users_email`, `Users`.name AS `Users_name`, `Users`.password AS `Users_password`, `Users`.dob AS `Users_dob`, `Users`.gender AS `Users_gender`, `Users`.mobile_no AS `Users_mobile_no`, `Users`.`role` AS `Users_role`, `Users`.created_at AS `Users_created_at`, `Users`.current AS `Users_current`, `UserTokens`.id AS `UserTokens_id`, `UserTokens`.token AS `UserTokens_token`, `UserTokens`.user_id AS `UserTokens_user_id`, `UserTokens`.created_at AS `UserTokens_created_at`, `UserTokens`.expiry AS `UserTokens_expiry` 
FROM `Users` INNER JOIN `UserTokens` ON `UserTokens`.user_id = `Users`.id 
WHERE `UserTokens`.token = %s 
 LIMIT %s
2018-04-09 14:18:10,898 INFO  [sqlalchemy.engine.base.Engine:1154][waitress] ('WT8ZI3M4NR0VN1D0', 1)
2018-04-09 14:18:10,901 INFO  [sqlalchemy.engine.base.Engine:1151][waitress] SELECT `UserTransaction`.id AS `UserTransaction_id`, `UserTransaction`.bill_url AS `UserTransaction_bill_url`, `UserTransaction`.reason AS `UserTransaction_reason`, `UserTransaction`.paid_for AS `UserTransaction_paid_for`, `UserTransaction`.amount AS `UserTransaction_amount`, `UserTransaction`.type AS `UserTransaction_type`, `UserTransaction`.dob AS `UserTransaction_dob`, `UserTransaction`.user_id AS `UserTransaction_user_id`, `UserTransaction`.hash AS `UserTransaction_hash`, `UserTransaction`.created_at AS `UserTransaction_created_at` 
FROM `UserTransaction` 
WHERE `UserTransaction`.user_id = %s ORDER BY `UserTransaction`.dob ASC
2018-04-09 14:18:10,901 INFO  [sqlalchemy.engine.base.Engine:1154][waitress] (27,)
2018-04-09 14:18:10,903 INFO  [sqlalchemy.engine.base.Engine:702][waitress] ROLLBACK
2018-04-09 14:18:10,910 INFO  [kore_task:20][waitress] 200 OK
2018-04-09 14:18:15,212 INFO  [kore_task:20][waitress] 200 OK
2018-04-09 14:18:15,500 INFO  [pyramid_debugtoolbar:259][waitress] Squashed pyramid.exceptions.PredicateMismatch at http://127.0.0.1:3443/bill/L1863DDVSQB41NFA
traceback url: http://127.0.0.1:3443/_debug_toolbar/313430303530363931333838373532/exception
2018-04-09 14:18:15,503 INFO  [kore_task:20][waitress] 404 Not Found
2018-04-09 14:18:15,787 INFO  [sqlalchemy.engine.base.Engine:682][waitress] BEGIN (implicit)
2018-04-09 14:18:15,818 INFO  [sqlalchemy.engine.base.Engine:1151][waitress] SELECT count(*) AS count_1 
FROM (SELECT `UserTokens`.id AS `UserTokens_id`, `UserTokens`.token AS `UserTokens_token`, `UserTokens`.user_id AS `UserTokens_user_id`, `UserTokens`.created_at AS `UserTokens_created_at`, `UserTokens`.expiry AS `UserTokens_expiry` 
FROM `UserTokens` 
WHERE `UserTokens`.expiry <= %s) AS anon_1
2018-04-09 14:18:15,819 INFO  [sqlalchemy.engine.base.Engine:1154][waitress] (datetime.datetime(2018, 4, 9, 14, 18, 15, 784900),)
2018-04-09 14:18:15,822 INFO  [sqlalchemy.engine.base.Engine:1151][waitress] SELECT `Users`.id AS `Users_id`, `Users`.email AS `Users_email`, `Users`.name AS `Users_name`, `Users`.password AS `Users_password`, `Users`.dob AS `Users_dob`, `Users`.gender AS `Users_gender`, `Users`.mobile_no AS `Users_mobile_no`, `Users`.`role` AS `Users_role`, `Users`.created_at AS `Users_created_at`, `Users`.current AS `Users_current`, `UserTokens`.id AS `UserTokens_id`, `UserTokens`.token AS `UserTokens_token`, `UserTokens`.user_id AS `UserTokens_user_id`, `UserTokens`.created_at AS `UserTokens_created_at`, `UserTokens`.expiry AS `UserTokens_expiry` 
FROM `Users` INNER JOIN `UserTokens` ON `UserTokens`.user_id = `Users`.id 
WHERE `UserTokens`.token = %s 
 LIMIT %s
2018-04-09 14:18:15,822 INFO  [sqlalchemy.engine.base.Engine:1154][waitress] ('WT8ZI3M4NR0VN1D0', 1)
2018-04-09 14:18:15,826 INFO  [sqlalchemy.engine.base.Engine:1151][waitress] SELECT `UserTransaction`.id AS `UserTransaction_id`, `UserTransaction`.bill_url AS `UserTransaction_bill_url`, `UserTransaction`.reason AS `UserTransaction_reason`, `UserTransaction`.paid_for AS `UserTransaction_paid_for`, `UserTransaction`.amount AS `UserTransaction_amount`, `UserTransaction`.type AS `UserTransaction_type`, `UserTransaction`.dob AS `UserTransaction_dob`, `UserTransaction`.user_id AS `UserTransaction_user_id`, `UserTransaction`.hash AS `UserTransaction_hash`, `UserTransaction`.created_at AS `UserTransaction_created_at` 
FROM `UserTransaction` 
WHERE `UserTransaction`.hash = %s 
 LIMIT %s
2018-04-09 14:18:15,826 INFO  [sqlalchemy.engine.base.Engine:1154][waitress] ('L1863DDVSQB41NFA', 1)
2018-04-09 14:18:15,828 INFO  [sqlalchemy.engine.base.Engine:702][waitress] ROLLBACK
2018-04-09 14:18:15,838 INFO  [kore_task:20][waitress] 200 OK
